<?xml version="1.0" encoding="UTF-8"?>
<!-- Generated by org.testng.reporters.JUnitReportReporter -->
<testsuite hostname="DESKTOP-PSQO15E" failures="0" tests="1" name="testCases.TC_001_LoginPage" time="0.942" errors="0" timestamp="2024-12-15T19:03:52 IST" skipped="0">
  <testcase classname="testCases.TC_001_LoginPage" name="verifyLoginByValidData" time="0.942"/>
</testsuite> <!-- testCases.TC_001_LoginPage -->
