<?xml version="1.0" encoding="UTF-8"?>
<!-- Generated by org.testng.reporters.JUnitReportReporter -->
<testsuite hostname="DESKTOP-PSQO15E" failures="0" tests="1" name="testCases.TC_002_AddCustomers" time="2.998" errors="0" timestamp="2024-12-15T22:08:36 IST" skipped="0">
  <testcase classname="testCases.TC_002_AddCustomers" name="addCustomer" time="2.998"/>
</testsuite> <!-- testCases.TC_002_AddCustomers -->
