<?xml version="1.0" encoding="UTF-8"?>
<!-- Generated by org.testng.reporters.JUnitReportReporter -->
<testsuite hostname="DESKTOP-PSQO15E" failures="0" tests="1" name="testCases.TC_003_CustomerList" time="18.092" errors="0" timestamp="2024-12-22T12:06:00 IST" skipped="0">
  <testcase classname="testCases.TC_003_CustomerList" name="readCustomerList" time="18.092"/>
</testsuite> <!-- testCases.TC_003_CustomerList -->
